1698166810.308731 client started (23411): version 3.3a, socket /tmp/tmux-1000/default, protocol 8
1698166810.308746 on Linux 6.5.7-1-liquorix-amd64 #1 ZEN SMP PREEMPT liquorix 6.5-8.1~bookworm (2023-10-11)
1698166810.308753 using libevent 2.1.12-stable (poll); ncurses 6.3
1698166810.308765 flags are 0x10010000
1698166810.308768 socket is /tmp/tmux-1000/default
1698166810.308776 trying connect
1698166810.308819 add peer 0x55810bcbe8f0: 6 ((nil))
1698166810.308948 sending message 100 to peer 0x55810bcbe8f0 (4 bytes)
1698166810.308954 sending message 111 to peer 0x55810bcbe8f0 (8 bytes)
1698166810.308957 sending message 101 to peer 0x55810bcbe8f0 (16 bytes)
1698166810.308960 sending message 109 to peer 0x55810bcbe8f0 (4 bytes)
1698166810.308962 sending message 102 to peer 0x55810bcbe8f0 (11 bytes)
1698166810.308965 sending message 108 to peer 0x55810bcbe8f0 (32 bytes)
1698166810.308968 sending message 112 to peer 0x55810bcbe8f0 (70 bytes)
1698166810.308971 sending message 112 to peer 0x55810bcbe8f0 (5 bytes)
1698166810.308974 sending message 112 to peer 0x55810bcbe8f0 (5 bytes)
1698166810.308977 sending message 112 to peer 0x55810bcbe8f0 (6 bytes)
1698166810.308980 sending message 112 to peer 0x55810bcbe8f0 (6 bytes)
1698166810.308982 sending message 112 to peer 0x55810bcbe8f0 (11 bytes)
1698166810.308985 sending message 112 to peer 0x55810bcbe8f0 (10 bytes)
1698166810.308988 sending message 112 to peer 0x55810bcbe8f0 (13 bytes)
1698166810.308991 sending message 112 to peer 0x55810bcbe8f0 (13 bytes)
1698166810.308993 sending message 112 to peer 0x55810bcbe8f0 (18 bytes)
1698166810.308996 sending message 112 to peer 0x55810bcbe8f0 (11 bytes)
1698166810.308999 sending message 112 to peer 0x55810bcbe8f0 (21 bytes)
1698166810.309002 sending message 112 to peer 0x55810bcbe8f0 (13 bytes)
1698166810.309005 sending message 112 to peer 0x55810bcbe8f0 (7 bytes)
1698166810.309008 sending message 112 to peer 0x55810bcbe8f0 (13 bytes)
1698166810.309011 sending message 112 to peer 0x55810bcbe8f0 (7 bytes)
1698166810.309013 sending message 112 to peer 0x55810bcbe8f0 (13 bytes)
1698166810.309016 sending message 112 to peer 0x55810bcbe8f0 (9 bytes)
1698166810.309019 sending message 112 to peer 0x55810bcbe8f0 (21 bytes)
1698166810.309022 sending message 112 to peer 0x55810bcbe8f0 (13 bytes)
1698166810.309025 sending message 112 to peer 0x55810bcbe8f0 (8 bytes)
1698166810.309027 sending message 112 to peer 0x55810bcbe8f0 (12 bytes)
1698166810.309030 sending message 112 to peer 0x55810bcbe8f0 (13 bytes)
1698166810.309033 sending message 112 to peer 0x55810bcbe8f0 (9 bytes)
1698166810.309036 sending message 112 to peer 0x55810bcbe8f0 (9 bytes)
1698166810.309038 sending message 112 to peer 0x55810bcbe8f0 (12 bytes)
1698166810.309041 sending message 112 to peer 0x55810bcbe8f0 (8 bytes)
1698166810.309044 sending message 112 to peer 0x55810bcbe8f0 (7 bytes)
1698166810.309047 sending message 112 to peer 0x55810bcbe8f0 (7 bytes)
1698166810.309049 sending message 112 to peer 0x55810bcbe8f0 (9 bytes)
1698166810.309052 sending message 112 to peer 0x55810bcbe8f0 (13 bytes)
1698166810.309055 sending message 112 to peer 0x55810bcbe8f0 (9 bytes)
1698166810.309058 sending message 112 to peer 0x55810bcbe8f0 (15 bytes)
1698166810.309061 sending message 112 to peer 0x55810bcbe8f0 (13 bytes)
1698166810.309063 sending message 112 to peer 0x55810bcbe8f0 (12 bytes)
1698166810.309066 sending message 112 to peer 0x55810bcbe8f0 (8 bytes)
1698166810.309069 sending message 112 to peer 0x55810bcbe8f0 (14 bytes)
1698166810.309072 sending message 112 to peer 0x55810bcbe8f0 (9 bytes)
1698166810.309074 sending message 112 to peer 0x55810bcbe8f0 (10 bytes)
1698166810.309077 sending message 112 to peer 0x55810bcbe8f0 (10 bytes)
1698166810.309080 sending message 112 to peer 0x55810bcbe8f0 (10 bytes)
1698166810.309083 sending message 112 to peer 0x55810bcbe8f0 (10 bytes)
1698166810.309085 sending message 112 to peer 0x55810bcbe8f0 (11 bytes)
1698166810.309088 sending message 112 to peer 0x55810bcbe8f0 (10 bytes)
1698166810.309091 sending message 112 to peer 0x55810bcbe8f0 (8 bytes)
1698166810.309099 sending message 112 to peer 0x55810bcbe8f0 (11 bytes)
1698166810.309102 sending message 112 to peer 0x55810bcbe8f0 (11 bytes)
1698166810.309105 sending message 112 to peer 0x55810bcbe8f0 (11 bytes)
1698166810.309108 sending message 112 to peer 0x55810bcbe8f0 (8 bytes)
1698166810.309111 sending message 112 to peer 0x55810bcbe8f0 (8 bytes)
1698166810.309113 sending message 112 to peer 0x55810bcbe8f0 (8 bytes)
1698166810.309116 sending message 112 to peer 0x55810bcbe8f0 (10 bytes)
1698166810.309119 sending message 112 to peer 0x55810bcbe8f0 (10 bytes)
1698166810.309122 sending message 112 to peer 0x55810bcbe8f0 (10 bytes)
1698166810.309124 sending message 112 to peer 0x55810bcbe8f0 (10 bytes)
1698166810.309127 sending message 112 to peer 0x55810bcbe8f0 (10 bytes)
1698166810.309130 sending message 112 to peer 0x55810bcbe8f0 (11 bytes)
1698166810.309133 sending message 112 to peer 0x55810bcbe8f0 (11 bytes)
1698166810.309136 sending message 112 to peer 0x55810bcbe8f0 (10 bytes)
1698166810.309138 sending message 112 to peer 0x55810bcbe8f0 (9 bytes)
1698166810.309141 sending message 112 to peer 0x55810bcbe8f0 (9 bytes)
1698166810.309144 sending message 112 to peer 0x55810bcbe8f0 (12 bytes)
1698166810.309147 sending message 112 to peer 0x55810bcbe8f0 (9 bytes)
1698166810.309150 sending message 112 to peer 0x55810bcbe8f0 (6 bytes)
1698166810.309153 sending message 112 to peer 0x55810bcbe8f0 (13 bytes)
1698166810.309155 sending message 112 to peer 0x55810bcbe8f0 (8 bytes)
1698166810.309158 sending message 112 to peer 0x55810bcbe8f0 (15 bytes)
1698166810.309161 sending message 112 to peer 0x55810bcbe8f0 (13 bytes)
1698166810.309164 sending message 112 to peer 0x55810bcbe8f0 (70 bytes)
1698166810.309167 sending message 112 to peer 0x55810bcbe8f0 (69 bytes)
1698166810.309169 sending message 112 to peer 0x55810bcbe8f0 (10 bytes)
1698166810.309172 sending message 112 to peer 0x55810bcbe8f0 (8 bytes)
1698166810.309175 sending message 112 to peer 0x55810bcbe8f0 (15 bytes)
1698166810.309178 sending message 112 to peer 0x55810bcbe8f0 (13 bytes)
1698166810.309180 sending message 112 to peer 0x55810bcbe8f0 (10 bytes)
1698166810.309183 sending message 112 to peer 0x55810bcbe8f0 (10 bytes)
1698166810.309186 sending message 112 to peer 0x55810bcbe8f0 (5 bytes)
1698166810.309189 sending message 112 to peer 0x55810bcbe8f0 (15 bytes)
1698166810.309192 sending message 104 to peer 0x55810bcbe8f0 (0 bytes)
1698166810.309195 sending message 110 to peer 0x55810bcbe8f0 (0 bytes)
1698166810.309198 sending message 107 to peer 0x55810bcbe8f0 (4 bytes)
1698166810.309201 sending message 105 to peer 0x55810bcbe8f0 (54 bytes)
1698166810.309204 sending message 105 to peer 0x55810bcbe8f0 (36 bytes)
1698166810.309207 sending message 105 to peer 0x55810bcbe8f0 (22 bytes)
1698166810.309209 sending message 105 to peer 0x55810bcbe8f0 (82 bytes)
1698166810.309212 sending message 105 to peer 0x55810bcbe8f0 (36 bytes)
1698166810.309215 sending message 105 to peer 0x55810bcbe8f0 (96 bytes)
1698166810.309218 sending message 105 to peer 0x55810bcbe8f0 (24 bytes)
1698166810.309221 sending message 105 to peer 0x55810bcbe8f0 (33 bytes)
1698166810.309224 sending message 105 to peer 0x55810bcbe8f0 (28 bytes)
1698166810.309226 sending message 105 to peer 0x55810bcbe8f0 (17 bytes)
1698166810.309229 sending message 105 to peer 0x55810bcbe8f0 (20 bytes)
1698166810.309232 sending message 105 to peer 0x55810bcbe8f0 (47 bytes)
1698166810.309235 sending message 105 to peer 0x55810bcbe8f0 (1764 bytes)
1698166810.309245 sending message 105 to peer 0x55810bcbe8f0 (17 bytes)
1698166810.309248 sending message 105 to peer 0x55810bcbe8f0 (39 bytes)
1698166810.309251 sending message 105 to peer 0x55810bcbe8f0 (18 bytes)
1698166810.309254 sending message 105 to peer 0x55810bcbe8f0 (20 bytes)
1698166810.309257 sending message 105 to peer 0x55810bcbe8f0 (41 bytes)
1698166810.309259 sending message 105 to peer 0x55810bcbe8f0 (16 bytes)
1698166810.309262 sending message 105 to peer 0x55810bcbe8f0 (11 bytes)
1698166810.309265 sending message 105 to peer 0x55810bcbe8f0 (21 bytes)
1698166810.309271 sending message 105 to peer 0x55810bcbe8f0 (27 bytes)
1698166810.309274 sending message 105 to peer 0x55810bcbe8f0 (25 bytes)
1698166810.309277 sending message 105 to peer 0x55810bcbe8f0 (13 bytes)
1698166810.309279 sending message 105 to peer 0x55810bcbe8f0 (17 bytes)
1698166810.309282 sending message 105 to peer 0x55810bcbe8f0 (23 bytes)
1698166810.309285 sending message 105 to peer 0x55810bcbe8f0 (18 bytes)
1698166810.309288 sending message 105 to peer 0x55810bcbe8f0 (18 bytes)
1698166810.309291 sending message 105 to peer 0x55810bcbe8f0 (14 bytes)
1698166810.309293 sending message 105 to peer 0x55810bcbe8f0 (22 bytes)
1698166810.309296 sending message 105 to peer 0x55810bcbe8f0 (26 bytes)
1698166810.309299 sending message 105 to peer 0x55810bcbe8f0 (8 bytes)
1698166810.309302 sending message 105 to peer 0x55810bcbe8f0 (20 bytes)
1698166810.309304 sending message 105 to peer 0x55810bcbe8f0 (19 bytes)
1698166810.309307 sending message 105 to peer 0x55810bcbe8f0 (44 bytes)
1698166810.309310 sending message 105 to peer 0x55810bcbe8f0 (52 bytes)
1698166810.309313 sending message 105 to peer 0x55810bcbe8f0 (36 bytes)
1698166810.309316 sending message 105 to peer 0x55810bcbe8f0 (21 bytes)
1698166810.309319 sending message 105 to peer 0x55810bcbe8f0 (54 bytes)
1698166810.309322 sending message 105 to peer 0x55810bcbe8f0 (122 bytes)
1698166810.309324 sending message 105 to peer 0x55810bcbe8f0 (23 bytes)
1698166810.309327 sending message 105 to peer 0x55810bcbe8f0 (56 bytes)
1698166810.309330 sending message 105 to peer 0x55810bcbe8f0 (23 bytes)
1698166810.309333 sending message 105 to peer 0x55810bcbe8f0 (26 bytes)
1698166810.309336 sending message 105 to peer 0x55810bcbe8f0 (26 bytes)
1698166810.309339 sending message 105 to peer 0x55810bcbe8f0 (15 bytes)
1698166810.309341 sending message 105 to peer 0x55810bcbe8f0 (31 bytes)
1698166810.309344 sending message 105 to peer 0x55810bcbe8f0 (18 bytes)
1698166810.309347 sending message 105 to peer 0x55810bcbe8f0 (23 bytes)
1698166810.309350 sending message 105 to peer 0x55810bcbe8f0 (136 bytes)
1698166810.309353 sending message 105 to peer 0x55810bcbe8f0 (11 bytes)
1698166810.309355 sending message 106 to peer 0x55810bcbe8f0 (0 bytes)
1698166810.309383 sending message 200 to peer 0x55810bcbe8f0 (4 bytes)
1698166810.309386 client loop enter
1698166810.309553 peer 0x55810bcbe8f0 message 303
1698166810.309560 open write file 2 -
1698166810.309565 sending message 305 to peer 0x55810bcbe8f0 (8 bytes)
1698166810.309571 write check file 2
1698166810.309621 peer 0x55810bcbe8f0 message 304
1698166810.309625 write 58 to file 2
1698166810.309628 peer 0x55810bcbe8f0 message 203
1698166810.309631 file 2 58 bytes left
1698166810.309638 write check file 2
1698166810.309641 client loop exit
